ready to communicate
Packet sent to Server: G000000declaration.txt
Packet sent at 1519365886.097876
First packet sent at 1519365886.097886
Packet received from server: 00001WHEN, in the Course of human Events, it becomes necessary for one
People to dissolve the Political B, seq: 1
Packet received at 1519365886.212378
RTT: 0.114502
Packet to Server: A100001ack
Packet sent at 1519365886.212522
Packet received from server: 00002ands which have connected them with
another, and to assume, among the Powers of the Earth, the separ, seq: 0
Packet received at 1519365887.326687
RTT: 1.114165
Packet to Server: A000002ack
Packet sent at 1519365887.327235
Packet received from server: 00003ate
and equal Station to which the Laws of Nature and of Nature's GOD
entitle them, a decent Respect, seq: 1
Packet received at 1519365887.440099
RTT: 0.112864
Packet to Server: A100003ack
Packet sent at 1519365887.440146
Packet received from server: 00004 to the Opinions of Mankind requires
that they should declare the Causes which impel them to the
Sep, seq: 0
Packet received at 1519365887.553903
RTT: 0.113757
Packet to Server: A000004ack
Packet sent at 1519365887.553946
Packet received from server: 00005aration.

We hold these Truths to be self-evident, that all Men are created
equal, that they are end, seq: 1
Packet received at 1519365887.666440
RTT: 0.112494
Packet to Server: A100005ack
Packet sent at 1519365887.666493
Packet received from server: 00006owed, by their CREATOR, with certain
unalienable Rights, that among these are Life, Liberty, and the, seq: 0
Packet received at 1519365887.779513
RTT: 0.113020
Packet to Server: A000006ack
Packet sent at 1519365887.779558
Packet received from server: 00007
Pursuit of Happiness.--That to secure these Rights, Governments are
instituted among Men, deriving , seq: 1
Packet received at 1519365887.892101
RTT: 0.112543
Packet to Server: A100007ack
Packet sent at 1519365887.892143
Packet received from server: 00008their just Powers from the Consent of
the Governed, that whenever any Form of Government becomes des, seq: 0
Packet received at 1519365888.006116
RTT: 0.113973
Packet to Server: A000008ack
Packet sent at 1519365888.006158
Packet received from server: 00009tructive
of these Ends, it is the Right of the People to alter or to abolish
it, and to institute ne, seq: 1
Packet received at 1519365889.120781
RTT: 1.114623
Packet to Server: A100009ack
Packet sent at 1519365889.120945
Packet received from server: 00010w Government, laying its Foundation on such
Principles, and organizing its Powers in such Form, as t, seq: 0
Packet received at 1519365889.234764
RTT: 0.113819
Packet to Server: A000010ack
Packet sent at 1519365889.234808
Packet received from server: 00011o them shall
seem most likely to effect their Safety and Happiness. Prudence,
indeed, will dictate, , seq: 1
Packet received at 1519365890.349427
RTT: 1.114619
Packet to Server: A100011ack
Packet sent at 1519365890.349467
Packet received from server: 00012that Governments long established, should not be
changed for light and transient Causes; and accordi, seq: 0
Packet received at 1519365890.463067
RTT: 0.113600
Packet to Server: A000012ack
Packet sent at 1519365890.463110
Packet received from server: 00013ngly all Experience
hath shewn, that Mankind are more disposed to suffer, while Evils are
sufferable, seq: 1
Packet received at 1519365890.576452
RTT: 0.113342
Packet to Server: A100013ack
Packet sent at 1519365890.576529
Packet received from server: 00014, than to right themselves by abolishing the Forms to which
they are accustomed. But when a long Tra, seq: 0
Packet received at 1519365890.689915
RTT: 0.113386
Packet to Server: A000014ack
Packet sent at 1519365890.689955
Packet received from server: 00015in of Abuses and Usurpations,
pursuing invariably the same Object, evinces a Design to reduce them
u, seq: 1
Packet received at 1519365890.803695
RTT: 0.113740
Packet to Server: A100015ack
Packet sent at 1519365890.803749
Packet received from server: 00016nder absolute Despotism, it is their Right, it is their Duty, to
throw off such Government, and to p, seq: 0
Packet received at 1519365890.917038
RTT: 0.113289
Packet to Server: A000016ack
Packet sent at 1519365890.917083
Packet received from server: 00017rovide new Guards for their future
Security. Such has been the patient Sufferance of these Colonies;, seq: 1
Packet received at 1519365891.029774
RTT: 0.112691
Packet to Server: A100017ack
Packet sent at 1519365891.029815
Packet received from server: 00018 and
such is now the Necessity which constrains them to alter their former
Systems of Government. Th, seq: 0
Packet received at 1519365891.143635
RTT: 0.113820
Packet to Server: A000018ack
Packet sent at 1519365891.143679
Packet received from server: 00019e History of the present King of
Great-Britain is a History of repeated Injuries and Usurpations, al, seq: 1
Packet received at 1519365891.257096
RTT: 0.113417
Packet to Server: A100019ack
Packet sent at 1519365891.257137
Packet received from server: 00020l
having in direct Object the Establishment of an absolute Tyranny over
these States. To prove this,, seq: 0
Packet received at 1519365891.371106
RTT: 0.113969
Packet to Server: A000020ack
Packet sent at 1519365891.371151
Packet received from server: 00021 let Facts be submitted to a candid World.

HE has refused his Assent to Laws, the most wholesome an, seq: 1
Packet received at 1519365891.484143
RTT: 0.112992
Packet to Server: A100021ack
Packet sent at 1519365891.484184
Packet received from server: 00022d necessary
for the public Good.

HE has forbidden his Governors to pass Laws of immediate and press, seq: 0
Packet received at 1519365891.598393
RTT: 0.114209
Packet to Server: A000022ack
Packet sent at 1519365891.598437
Packet received from server: 00023ing
Importance, unless suspended in their Operation till his Assent should
be obtained; and when so , seq: 1
Packet received at 1519365891.712610
RTT: 0.114173
Packet to Server: A100023ack
Packet sent at 1519365891.712655
Packet received from server: 00024suspended, he has utterly neglected to attend
to them.

HE has refused to pass other Laws for the Ac, seq: 0
Packet received at 1519365891.826322
RTT: 0.113667
Packet to Server: A000024ack
Packet sent at 1519365891.826362
Packet received from server: 00025commodation of large
Districts of People, unless those People would relinquish the Right of
Represen, seq: 1
Packet received at 1519365891.939893
RTT: 0.113531
Packet to Server: A100025ack
Packet sent at 1519365891.939936
Packet received from server: 00026tation in the Legislature, a Right inestimable to them, and
formidable to Tyranny only.

HE has call, seq: 0
Packet received at 1519365892.053481
RTT: 0.113545
Packet to Server: A000026ack
Packet sent at 1519365892.053522
Packet received from server: 00027ed together Legislative Bodies at Places unusual,
uncomfortable, and distant from the Depository of , seq: 1
Packet received at 1519365892.166754
RTT: 0.113232
Packet to Server: A100027ack
Packet sent at 1519365892.166797
Packet received from server: 00028their public
Records, for the sole Purpose of fatiguing them into Compliance with
his Measures.

HE , seq: 0
Packet received at 1519365892.279374
RTT: 0.112577
Packet to Server: A000028ack
Packet sent at 1519365892.279415
Packet received from server: 00029has dissolved Representative Houses repeatedly, for opposing with
manly Firmness his Invasions on th, seq: 1
Packet received at 1519365892.393126
RTT: 0.113711
Packet to Server: A100029ack
Packet sent at 1519365892.393167
Packet received from server: 00030e Rights of the People.

HE has refused for a long Time, after such Dissolutions, to cause
others to, seq: 0
Packet received at 1519365893.507908
RTT: 1.114741
Packet to Server: A000030ack
Packet sent at 1519365893.508050
Packet received from server: 00031 be elected; whereby the Legislative Powers, incapable of
Annihilation, have returned to the People , seq: 1
Packet received at 1519365893.622270
RTT: 0.114220
Packet to Server: A100031ack
Packet sent at 1519365893.622312
Packet received from server: 00032at large for their exercise;
the State remaining, in the mean Time, exposed to all the Dangers of
In, seq: 0
Packet received at 1519365893.735536
RTT: 0.113224
Packet to Server: A000032ack
Packet sent at 1519365893.735577
Packet received from server: 00033vasion from without, and Convulsions within.

HE has endeavoured to prevent the Population of these , seq: 1
Packet received at 1519365893.849657
RTT: 0.114080
Packet to Server: A100033ack
Packet sent at 1519365893.849699
Packet received from server: 00034States; for that
Purpose obstructing the Laws for Naturalization of Foreigners;
refusing to pass oth, seq: 0
Packet received at 1519365894.963568
RTT: 1.113869
Packet to Server: A000034ack
Packet sent at 1519365894.963655
Packet received from server: 00035ers to encourage their Migrations hither, and
raising the Conditions of new Appropriations of Lands., seq: 1
Packet received at 1519365895.077186
RTT: 0.113531
Packet to Server: A100035ack
Packet sent at 1519365895.077227
Packet received from server: 00036

HE has obstructed the Administration of Justice, by refusing his
Assent to Laws for establishing J, seq: 0
Packet received at 1519365895.191033
RTT: 0.113806
Packet to Server: A000036ack
Packet sent at 1519365895.191073
Packet received from server: 00037udiciary Powers.

HE has made Judges dependent on his Will alone, for the Tenure of
their Offices, a, seq: 1
Packet received at 1519365895.304459
RTT: 0.113386
Packet to Server: A100037ack
Packet sent at 1519365895.304575
Packet received from server: 00038nd the Amount and Payment of their Salaries.

HE has erected a Multitude of new Offices, and sent hi, seq: 0
Packet received at 1519365895.418164
RTT: 0.113589
Packet to Server: A000038ack
Packet sent at 1519365895.418217
Packet received from server: 00039ther Swarms of
Officers to harrass our People, and eat out their Substance.

HE has kept among us, i, seq: 1
Packet received at 1519365895.531569
RTT: 0.113352
Packet to Server: A100039ack
Packet sent at 1519365895.531611
Packet received from server: 00040n Times of Peace, Standing Armies, without the
Consent of our Legislatures.

HE has affected to rend, seq: 0
Packet received at 1519365895.645317
RTT: 0.113706
Packet to Server: A000040ack
Packet sent at 1519365895.645358
Packet received from server: 00041er the Military independent of and superior to
the Civil Power.

HE has combined with others to subj, seq: 1
Packet received at 1519365896.759603
RTT: 1.114245
Packet to Server: A100041ack
Packet sent at 1519365896.759677
Packet received from server: 00042ect us to a Jurisdiction foreign to
our Constitution, and unacknowledged by our Laws; giving his Ass, seq: 0
Packet received at 1519365896.873232
RTT: 0.113555
Packet to Server: A000042ack
Packet sent at 1519365896.873272
Packet received from server: 00043ent to
their Acts of pretended Legislation:

FOR quartering large Bodies of Armed Troops among us:

, seq: 1
Packet received at 1519365896.986911
RTT: 0.113639
Packet to Server: A100043ack
Packet sent at 1519365896.986954
Packet received from server: 00044FOR protecting them, by a mock Trial, from Punishment for any Murders
which they should commit on th, seq: 0
Packet received at 1519365898.101644
RTT: 1.114690
Packet to Server: A000044ack
Packet sent at 1519365898.101799
Packet received from server: 00045e Inhabitants of these States:

FOR cutting off our Trade with all Parts of the World:

FOR imposing, seq: 1
Packet received at 1519365898.216500
RTT: 0.114701
Packet to Server: A100045ack
Packet sent at 1519365898.216542
Packet received from server: 00046 Taxes on us without our Consent:

FOR depriving us, in many Cases, of the Benefits of Trial by Jury, seq: 0
Packet received at 1519365899.330574
RTT: 1.114032
Packet to Server: A000046ack
Packet sent at 1519365899.330737
Packet received from server: 00047:

FOR transporting us beyond Seas to be tried for pretended Offences:

FOR abolishing the free Syst, seq: 1
Packet received at 1519365899.444553
RTT: 0.113816
Packet to Server: A100047ack
Packet sent at 1519365899.444596
Packet received from server: 00048em of English Laws in a neighbouring
Province, establishing therein an arbitrary Government, and enl, seq: 0
Packet received at 1519365900.558287
RTT: 1.113691
Packet to Server: A000048ack
Packet sent at 1519365900.558331
Packet received from server: 00049arging
its Boundaries, so as to render it at once an Example and fit
Instrument for introducing the , seq: 1
Packet received at 1519365900.672067
RTT: 0.113736
Packet to Server: A100049ack
Packet sent at 1519365900.672111
Packet received from server: 00050same absolute Rule into these Colonies:

FOR taking away our Charters, abolishing our most valuable , seq: 0
Packet received at 1519365900.785031
RTT: 0.112920
Packet to Server: A000050ack
Packet sent at 1519365900.785109
Packet received from server: 00051Laws, and
altering fundamentally the Forms of our Governments:

FOR suspending our own Legislatures,, seq: 1
Packet received at 1519365900.899451
RTT: 0.114342
Packet to Server: A100051ack
Packet sent at 1519365900.899497
Packet received from server: 00052 and declaring themselves invested
with Power to legislate for us in all Cases whatsoever.

HE has a, seq: 0
Packet received at 1519365901.013433
RTT: 0.113936
Packet to Server: A000052ack
Packet sent at 1519365901.013477
Packet received from server: 00053bdicated Government here, by declaring us out of his
Protection, and waging War against us.

HE has , seq: 1
Packet received at 1519365901.127863
RTT: 0.114386
Packet to Server: A100053ack
Packet sent at 1519365901.127905
Packet received from server: 00054plundered our Seas, ravaged our Coasts, burnt our Towns, and
destroyed the Lives of our People.

HE , seq: 0
Packet received at 1519365901.241150
RTT: 0.113245
Packet to Server: A000054ack
Packet sent at 1519365901.241285
Packet received from server: 00055is, at this Time, transporting large Armies of foreign Mercenaries
to complete the Works of Death, D, seq: 1
Packet received at 1519365901.354518
RTT: 0.113233
Packet to Server: A100055ack
Packet sent at 1519365901.354567
Packet received from server: 00056esolation, and Tyranny, already begun
with Circumstances of Cruelty and Perfidy, scarcely paralleled, seq: 0
Packet received at 1519365901.468206
RTT: 0.113639
Packet to Server: A000056ack
Packet sent at 1519365901.468252
Packet received from server: 00057 in the
most barbarous Ages, and totally unworthy the Head of a civilized
Nation.

HE has constraine, seq: 1
Packet received at 1519365902.581548
RTT: 1.113296
Packet to Server: A100057ack
Packet sent at 1519365902.581628
Packet received from server: 00058d our Fellow-Citizens, taken Captive on the high
Seas, to bear Arms against their Country, to become, seq: 0
Packet received at 1519365902.695656
RTT: 0.114028
Packet to Server: A000058ack
Packet sent at 1519365902.695698
Packet received from server: 00059 the Executioners
of their Friends and Brethren, or to fall themselves by their Hands.

HE has excit, seq: 1
Packet received at 1519365902.808616
RTT: 0.112918
Packet to Server: A100059ack
Packet sent at 1519365902.808661
Packet received from server: 00060ed domestic Insurrections amongst us, and has endeavoured
to bring on the Inhabitants of our Frontie, seq: 0
Packet received at 1519365902.923137
RTT: 0.114476
Packet to Server: A000060ack
Packet sent at 1519365902.923178
Packet received from server: 00061rs, the merciless Indian
Savages, whose known Rule of Warfare, is an undistinguished
Destruction, of, seq: 1
Packet received at 1519365903.036245
RTT: 0.113067
Packet to Server: A100061ack
Packet sent at 1519365903.036285
Packet received from server: 00062 all Ages, Sexes, and Conditions.

IN every Stage of these Oppressions we have Petitioned for Redres, seq: 0
Packet received at 1519365903.150294
RTT: 0.114009
Packet to Server: A000062ack
Packet sent at 1519365903.150337
Packet received from server: 00063s in
the most humble Terms: Our repeated Petitions have been answered only
by repeated Injury. A Pri, seq: 1
Packet received at 1519365904.264481
RTT: 1.114144
Packet to Server: A100063ack
Packet sent at 1519365904.264625
Packet received from server: 00064nce, whose Character is thus marked by every
Act which may define a Tyrant, is unfit to be the Ruler, seq: 0
Packet received at 1519365904.378746
RTT: 0.114121
Packet to Server: A000064ack
Packet sent at 1519365904.378800
Packet received from server: 00065 of a free
People.

NOR have we been wanting in Attentions to our British Brethren. We
have warned t, seq: 1
Packet received at 1519365905.492863
RTT: 1.114063
Packet to Server: A100065ack
Packet sent at 1519365905.492923
Packet received from server: 00066hem, from Time to Time, of Attempts by their Legislature
to extend an unwarrantable Jurisdiction ove, seq: 0
Packet received at 1519365905.606465
RTT: 0.113542
Packet to Server: A000066ack
Packet sent at 1519365905.606508
Packet received from server: 00067r us. We have reminded them
of the Circumstances of our Emigration and Settlement here. We have
appe, seq: 1
Packet received at 1519365905.720063
RTT: 0.113555
Packet to Server: A100067ack
Packet sent at 1519365905.720137
Packet received from server: 00068aled to their native Justice and Magnanimity, and we have conjured
them by the Ties of our common Ki, seq: 0
Packet received at 1519365905.833407
RTT: 0.113270
Packet to Server: A000068ack
Packet sent at 1519365905.833448
Packet received from server: 00069ndred to disavow these Usurpations,
which would inevitably interrupt our Connexions and
Corresponden, seq: 1
Packet received at 1519365905.947485
RTT: 0.114037
Packet to Server: A100069ack
Packet sent at 1519365905.947528
Packet received from server: 00070ce. They too have been deaf to the Voice of Justice and of
Consanguinity. We must, therefore, acquie, seq: 0
Packet received at 1519365906.060690
RTT: 0.113162
Packet to Server: A000070ack
Packet sent at 1519365906.060731
Packet received from server: 00071sce in the Necessity, which
denounces our Separation, and hold them, as we hold the Rest of
Mankind,, seq: 1
Packet received at 1519365907.175572
RTT: 1.114841
Packet to Server: A100071ack
Packet sent at 1519365907.175789
Packet received from server: 00072 Enemies in War, in Peace Friends.

WE, therefore, the Representatives of the UNITED STATES OF AMERI, seq: 0
Packet received at 1519365907.289868
RTT: 0.114079
Packet to Server: A000072ack
Packet sent at 1519365907.289913
Packet received from server: 00073CA, in
GENERAL CONGRESS Assembled, appealing to the Supreme Judge of the
World for the Rectitude of , seq: 1
Packet received at 1519365907.403100
RTT: 0.113187
Packet to Server: A100073ack
Packet sent at 1519365907.403142
Packet received from server: 00074our Intentions, do, in the Name, and by
Authority of the good People of these Colonies, solemnly Pub, seq: 0
Packet received at 1519365907.516932
RTT: 0.113790
Packet to Server: A000074ack
Packet sent at 1519365907.517013
Packet received from server: 00075lish and
Declare, That these United Colonies are, and of Right ought to be,
FREE AND INDEPENDENT STA, seq: 1
Packet received at 1519365907.630762
RTT: 0.113749
Packet to Server: A100075ack
Packet sent at 1519365907.630850
Packet received from server: 00076TES; that they are absolved from all
Allegiance to the British Crown, and that all political Connexi, seq: 0
Packet received at 1519365907.744163
RTT: 0.113313
Packet to Server: A000076ack
Packet sent at 1519365907.744208
Packet received from server: 00077on
between them and the State of Great-Britain, is, and ought to be,
totally dissolved; and that as , seq: 1
Packet received at 1519365907.858539
RTT: 0.114331
Packet to Server: A100077ack
Packet sent at 1519365907.858580
Packet received from server: 00078FREE AND INDEPENDENT STATES, they have
full Power to levy War, conclude Peace, contract Alliances, e, seq: 0
Packet received at 1519365907.972554
RTT: 0.113974
Packet to Server: A000078ack
Packet sent at 1519365907.972602
Packet received from server: 00079stablish
Commerce, and to do all other Acts and Things which INDEPENDENT STATES
may of Right do. And, seq: 1
Packet received at 1519365908.086882
RTT: 0.114280
Packet to Server: A100079ack
Packet sent at 1519365908.086923
Packet received from server: 00080 for the Support of this Declaration, with a firm
Reliance on the Protection of DIVINE PROVIDENCE, w, seq: 0
Packet received at 1519365909.200903
RTT: 1.113980
Packet to Server: A000080ack
Packet sent at 1519365909.200975
Packet received from server: 00081e mutually pledge to
each other our Lives, our Fortunes, and our sacred Honour.
, seq: 1
Packet received at 1519365910.313451
RTT: 1.112476
Packet to Server: A100081ack
Packet sent at 1519365910.313604
Packet received from server: 00000I'm Done, seq: F
End of file, creating local copy.....
File created in current directory: declaration.txt
Last packet received at 1519365910.418503
FirstPackt sent at: 1519365886.097886, LastPacket received at: 1519365910.418503
Throughput~: 168MBps
