ready to communicate
Packet sent to Server: G000000declaration.txt
Packet sent at 1519366111.894968
First packet sent at 1519366111.894978
Packet received from server: 00001WHEN, in the Course of human Events, it becomes necessary for one
People to dissolve the Political B, seq: 1
Packet received at 1519366112.008821
RTT: 0.113853
Packet to Server: A100001ack
Packet sent at 1519366112.008929
Packet received from server: 00002ands which have connected them with
another, and to assume, among the Powers of the Earth, the separ, seq: 0
Packet received at 1519366112.122524
RTT: 0.113595
Packet to Server: A000002ack
Packet sent at 1519366112.122566
Packet received from server: 00003ate
and equal Station to which the Laws of Nature and of Nature's GOD
entitle them, a decent Respect, seq: 1
Packet received at 1519366112.236497
RTT: 0.113931
Packet to Server: A100003ack
Packet sent at 1519366112.236539
Packet received from server: 00004 to the Opinions of Mankind requires
that they should declare the Causes which impel them to the
Sep, seq: 0
Packet received at 1519366112.349680
RTT: 0.113141
Packet to Server: A000004ack
Packet sent at 1519366112.349723
Packet received from server: 00005aration.

We hold these Truths to be self-evident, that all Men are created
equal, that they are end, seq: 1
Packet received at 1519366112.463675
RTT: 0.113952
Packet to Server: A100005ack
Packet sent at 1519366112.463718
timeout: no events
resend count: 1
Packet to Server on resend: A100005ack
timeout: no events
resend count: 2
Packet to Server on resend: A100005ack
timeout: no events
resend count: 3
Packet to Server on resend: A100005ack
timeout: no events
resend count: 4
Packet to Server on resend: A100005ack
timeout: no events
resend count: 5
Packet to Server on resend: A100005ack
timeout: no events
Weird something is wrong
File declaration.txt is incomplete
ready to communicate
Packet sent to Server: G000000declaration.txt
Packet sent at 1519366536.378085
First packet sent at 1519366536.378093
Packet received from server: 00001WHEN, in the Course of human Events, it becomes necessary for one
People to dissolve the Political B, seq: 1
Packet received at 1519366536.493065
RTT: 0.114980
Packet to Server: A100001ack
Packet sent at 1519366536.493181
Packet received from server: 00002ands which have connected them with
another, and to assume, among the Powers of the Earth, the separ, seq: 0
Packet received at 1519366536.606244
RTT: 0.113063
Packet to Server: A000002ack
Packet sent at 1519366536.606312
Packet received from server: 00003ate
and equal Station to which the Laws of Nature and of Nature's GOD
entitle them, a decent Respect, seq: 1
Packet received at 1519366536.720492
RTT: 0.114180
Packet to Server: A100003ack
Packet sent at 1519366536.720560
timeout: no events
resend count: 1
Packet to Server on resend: A100003ack
timeout: no events
resend count: 2
Packet to Server on resend: A100003ack
Packet received from server: 00004 to the Opinions of Mankind requires
that they should declare the Causes which impel them to the
Sep, seq: 0
Packet received at 1519366546.846241
RTT: 10.125681
Packet to Server: A000004ack
Packet sent at 1519366546.846298
Packet received from server: 00005aration.

We hold these Truths to be self-evident, that all Men are created
equal, that they are end, seq: 1
Packet received at 1519366546.959424
RTT: 0.113126
Packet to Server: A100005ack
Packet sent at 1519366546.959465
Packet received from server: 00006owed, by their CREATOR, with certain
unalienable Rights, that among these are Life, Liberty, and the, seq: 0
Packet received at 1519366547.072221
RTT: 0.112756
Packet to Server: A000006ack
Packet sent at 1519366547.072297
Packet received from server: 00007
Pursuit of Happiness.--That to secure these Rights, Governments are
instituted among Men, deriving , seq: 1
Packet received at 1519366547.186833
RTT: 0.114536
Packet to Server: A100007ack
Packet sent at 1519366547.186956
timeout: no events
resend count: 1
Packet to Server on resend: A100007ack
Packet received from server: 00008their just Powers from the Consent of
the Governed, that whenever any Form of Government becomes des, seq: 0
Packet received at 1519366552.306778
RTT: 5.119822
Packet to Server: A000008ack
Packet sent at 1519366552.306829
Packet received from server: 00009tructive
of these Ends, it is the Right of the People to alter or to abolish
it, and to institute ne, seq: 1
Packet received at 1519366552.420257
RTT: 0.113428
Packet to Server: A100009ack
Packet sent at 1519366552.420323
Packet received from server: 00010w Government, laying its Foundation on such
Principles, and organizing its Powers in such Form, as t, seq: 0
Packet received at 1519366552.533346
RTT: 0.113023
Packet to Server: A000010ack
Packet sent at 1519366552.533403
timeout: no events
resend count: 1
Packet to Server on resend: A000010ack
Packet received from server: 00011o them shall
seem most likely to effect their Safety and Happiness. Prudence,
indeed, will dictate, , seq: 1
Packet received at 1519366557.653404
RTT: 5.120001
Packet to Server: A100011ack
Packet sent at 1519366557.653460
Packet received from server: 00012that Governments long established, should not be
changed for light and transient Causes; and accordi, seq: 0
Packet received at 1519366557.768000
RTT: 0.114540
Packet to Server: A000012ack
Packet sent at 1519366557.768088
Packet received from server: 00013ngly all Experience
hath shewn, that Mankind are more disposed to suffer, while Evils are
sufferable, seq: 1
Packet received at 1519366557.881540
RTT: 0.113452
Packet to Server: A100013ack
Packet sent at 1519366557.881610
Packet received from server: 00014, than to right themselves by abolishing the Forms to which
they are accustomed. But when a long Tra, seq: 0
Packet received at 1519366557.994949
RTT: 0.113339
Packet to Server: A000014ack
Packet sent at 1519366557.995004
Packet received from server: 00015in of Abuses and Usurpations,
pursuing invariably the same Object, evinces a Design to reduce them
u, seq: 1
Packet received at 1519366558.108621
RTT: 0.113617
Packet to Server: A100015ack
Packet sent at 1519366558.108692
Packet received from server: 00016nder absolute Despotism, it is their Right, it is their Duty, to
throw off such Government, and to p, seq: 0
Packet received at 1519366558.222321
RTT: 0.113629
Packet to Server: A000016ack
Packet sent at 1519366558.222387
Packet received from server: 00017rovide new Guards for their future
Security. Such has been the patient Sufferance of these Colonies;, seq: 1
Packet received at 1519366558.336657
RTT: 0.114270
Packet to Server: A100017ack
Packet sent at 1519366558.336723
Packet received from server: 00018 and
such is now the Necessity which constrains them to alter their former
Systems of Government. Th, seq: 0
Packet received at 1519366558.450245
RTT: 0.113522
Packet to Server: A000018ack
Packet sent at 1519366558.450381
Packet received from server: 00019e History of the present King of
Great-Britain is a History of repeated Injuries and Usurpations, al, seq: 1
Packet received at 1519366558.564347
RTT: 0.113966
Packet to Server: A100019ack
Packet sent at 1519366558.564405
Packet received from server: 00020l
having in direct Object the Establishment of an absolute Tyranny over
these States. To prove this,, seq: 0
Packet received at 1519366558.677769
RTT: 0.113364
Packet to Server: A000020ack
Packet sent at 1519366558.677828
Packet received from server: 00021 let Facts be submitted to a candid World.

HE has refused his Assent to Laws, the most wholesome an, seq: 1
Packet received at 1519366558.791017
RTT: 0.113189
Packet to Server: A100021ack
Packet sent at 1519366558.791074
Packet received from server: 00022d necessary
for the public Good.

HE has forbidden his Governors to pass Laws of immediate and press, seq: 0
Packet received at 1519366558.904671
RTT: 0.113597
Packet to Server: A000022ack
Packet sent at 1519366558.904737
Packet received from server: 00023ing
Importance, unless suspended in their Operation till his Assent should
be obtained; and when so , seq: 1
Packet received at 1519366559.018233
RTT: 0.113496
Packet to Server: A100023ack
Packet sent at 1519366559.018288
Packet received from server: 00024suspended, he has utterly neglected to attend
to them.

HE has refused to pass other Laws for the Ac, seq: 0
Packet received at 1519366559.131457
RTT: 0.113169
Packet to Server: A000024ack
Packet sent at 1519366559.131530
Packet received from server: 00025commodation of large
Districts of People, unless those People would relinquish the Right of
Represen, seq: 1
Packet received at 1519366559.244922
RTT: 0.113392
Packet to Server: A100025ack
Packet sent at 1519366559.244989
Packet received from server: 00026tation in the Legislature, a Right inestimable to them, and
formidable to Tyranny only.

HE has call, seq: 0
Packet received at 1519366559.359266
RTT: 0.114277
Packet to Server: A000026ack
Packet sent at 1519366559.359332
Packet received from server: 00027ed together Legislative Bodies at Places unusual,
uncomfortable, and distant from the Depository of , seq: 1
Packet received at 1519366559.473022
RTT: 0.113690
Packet to Server: A100027ack
Packet sent at 1519366559.473088
Packet received from server: 00028their public
Records, for the sole Purpose of fatiguing them into Compliance with
his Measures.

HE , seq: 0
Packet received at 1519366559.585924
RTT: 0.112836
Packet to Server: A000028ack
Packet sent at 1519366559.586000
Packet received from server: 00029has dissolved Representative Houses repeatedly, for opposing with
manly Firmness his Invasions on th, seq: 1
Packet received at 1519366559.699461
RTT: 0.113461
Packet to Server: A100029ack
Packet sent at 1519366559.699500
Packet received from server: 00030e Rights of the People.

HE has refused for a long Time, after such Dissolutions, to cause
others to, seq: 0
Packet received at 1519366559.813411
RTT: 0.113911
Packet to Server: A000030ack
Packet sent at 1519366559.813453
timeout: no events
resend count: 1
Packet to Server on resend: A000030ack
timeout: no events
resend count: 2
Packet to Server on resend: A000030ack
Packet received from server: 00031 be elected; whereby the Legislative Powers, incapable of
Annihilation, have returned to the People , seq: 1
Packet received at 1519366569.938771
RTT: 10.125318
Packet to Server: A100031ack
Packet sent at 1519366569.938815
Packet received from server: 00032at large for their exercise;
the State remaining, in the mean Time, exposed to all the Dangers of
In, seq: 0
Packet received at 1519366570.052746
RTT: 0.113931
Packet to Server: A000032ack
Packet sent at 1519366570.052788
Packet received from server: 00033vasion from without, and Convulsions within.

HE has endeavoured to prevent the Population of these , seq: 1
Packet received at 1519366570.165577
RTT: 0.112789
Packet to Server: A100033ack
Packet sent at 1519366570.165618
Packet received from server: 00034States; for that
Purpose obstructing the Laws for Naturalization of Foreigners;
refusing to pass oth, seq: 0
Packet received at 1519366570.278912
RTT: 0.113294
Packet to Server: A000034ack
Packet sent at 1519366570.278955
Packet received from server: 00035ers to encourage their Migrations hither, and
raising the Conditions of new Appropriations of Lands., seq: 1
Packet received at 1519366570.392985
RTT: 0.114030
Packet to Server: A100035ack
Packet sent at 1519366570.393026
Packet received from server: 00036

HE has obstructed the Administration of Justice, by refusing his
Assent to Laws for establishing J, seq: 0
Packet received at 1519366570.505728
RTT: 0.112702
Packet to Server: A000036ack
Packet sent at 1519366570.505770
Packet received from server: 00037udiciary Powers.

HE has made Judges dependent on his Will alone, for the Tenure of
their Offices, a, seq: 1
Packet received at 1519366570.619259
RTT: 0.113489
Packet to Server: A100037ack
Packet sent at 1519366570.619302
timeout: no events
resend count: 1
Packet to Server on resend: A100037ack
Packet received from server: 00038nd the Amount and Payment of their Salaries.

HE has erected a Multitude of new Offices, and sent hi, seq: 0
Packet received at 1519366575.738543
RTT: 5.119241
Packet to Server: A000038ack
Packet sent at 1519366575.738597
Packet received from server: 00039ther Swarms of
Officers to harrass our People, and eat out their Substance.

HE has kept among us, i, seq: 1
Packet received at 1519366575.851638
RTT: 0.113041
Packet to Server: A100039ack
Packet sent at 1519366575.851680
Packet received from server: 00040n Times of Peace, Standing Armies, without the
Consent of our Legislatures.

HE has affected to rend, seq: 0
Packet received at 1519366575.965453
RTT: 0.113773
Packet to Server: A000040ack
Packet sent at 1519366575.965497
Packet received from server: 00041er the Military independent of and superior to
the Civil Power.

HE has combined with others to subj, seq: 1
Packet received at 1519366576.079024
RTT: 0.113527
Packet to Server: A100041ack
Packet sent at 1519366576.079170
Packet received from server: 00042ect us to a Jurisdiction foreign to
our Constitution, and unacknowledged by our Laws; giving his Ass, seq: 0
Packet received at 1519366576.192817
RTT: 0.113647
Packet to Server: A000042ack
Packet sent at 1519366576.192859
Packet received from server: 00043ent to
their Acts of pretended Legislation:

FOR quartering large Bodies of Armed Troops among us:

, seq: 1
Packet received at 1519366576.306151
RTT: 0.113292
Packet to Server: A100043ack
Packet sent at 1519366576.306195
Packet received from server: 00044FOR protecting them, by a mock Trial, from Punishment for any Murders
which they should commit on th, seq: 0
Packet received at 1519366576.420135
RTT: 0.113940
Packet to Server: A000044ack
Packet sent at 1519366576.420180
timeout: no events
resend count: 1
Packet to Server on resend: A000044ack
Packet received from server: 00045e Inhabitants of these States:

FOR cutting off our Trade with all Parts of the World:

FOR imposing, seq: 1
Packet received at 1519366581.539031
RTT: 5.118851
Packet to Server: A100045ack
Packet sent at 1519366581.539123
Packet received from server: 00046 Taxes on us without our Consent:

FOR depriving us, in many Cases, of the Benefits of Trial by Jury, seq: 0
Packet received at 1519366581.653158
RTT: 0.114035
Packet to Server: A000046ack
Packet sent at 1519366581.653203
Packet received from server: 00047:

FOR transporting us beyond Seas to be tried for pretended Offences:

FOR abolishing the free Syst, seq: 1
Packet received at 1519366581.767821
RTT: 0.114618
Packet to Server: A100047ack
Packet sent at 1519366581.767878
timeout: no events
resend count: 1
Packet to Server on resend: A100047ack
Packet received from server: 00048em of English Laws in a neighbouring
Province, establishing therein an arbitrary Government, and enl, seq: 0
Packet received at 1519366586.883442
RTT: 5.115564
Packet to Server: A000048ack
Packet sent at 1519366586.883485
timeout: no events
resend count: 1
Packet to Server on resend: A000048ack
timeout: no events
resend count: 2
Packet to Server on resend: A000048ack
timeout: no events
resend count: 3
Packet to Server on resend: A000048ack
Packet received from server: 00049arging
its Boundaries, so as to render it at once an Example and fit
Instrument for introducing the , seq: 1
Packet received at 1519366602.014253
RTT: 15.130768
Packet to Server: A100049ack
Packet sent at 1519366602.014294
Packet received from server: 00050same absolute Rule into these Colonies:

FOR taking away our Charters, abolishing our most valuable , seq: 0
Packet received at 1519366602.128068
RTT: 0.113774
Packet to Server: A000050ack
Packet sent at 1519366602.128143
Packet received from server: 00051Laws, and
altering fundamentally the Forms of our Governments:

FOR suspending our own Legislatures,, seq: 1
Packet received at 1519366602.241844
RTT: 0.113701
Packet to Server: A100051ack
Packet sent at 1519366602.241884
Packet received from server: 00052 and declaring themselves invested
with Power to legislate for us in all Cases whatsoever.

HE has a, seq: 0
Packet received at 1519366602.355069
RTT: 0.113185
Packet to Server: A000052ack
Packet sent at 1519366602.355112
timeout: no events
resend count: 1
Packet to Server on resend: A000052ack
Packet received from server: 00053bdicated Government here, by declaring us out of his
Protection, and waging War against us.

HE has , seq: 1
Packet received at 1519366607.473185
RTT: 5.118073
Packet to Server: A100053ack
Packet sent at 1519366607.473233
Packet received from server: 00054plundered our Seas, ravaged our Coasts, burnt our Towns, and
destroyed the Lives of our People.

HE , seq: 0
Packet received at 1519366607.587338
RTT: 0.114105
Packet to Server: A000054ack
Packet sent at 1519366607.587378
Packet received from server: 00055is, at this Time, transporting large Armies of foreign Mercenaries
to complete the Works of Death, D, seq: 1
Packet received at 1519366607.701139
RTT: 0.113761
Packet to Server: A100055ack
Packet sent at 1519366607.701180
Packet received from server: 00056esolation, and Tyranny, already begun
with Circumstances of Cruelty and Perfidy, scarcely paralleled, seq: 0
Packet received at 1519366607.815307
RTT: 0.114127
Packet to Server: A000056ack
Packet sent at 1519366607.815349
Packet received from server: 00057 in the
most barbarous Ages, and totally unworthy the Head of a civilized
Nation.

HE has constraine, seq: 1
Packet received at 1519366607.930420
RTT: 0.115071
Packet to Server: A100057ack
Packet sent at 1519366607.930602
Packet received from server: 00058d our Fellow-Citizens, taken Captive on the high
Seas, to bear Arms against their Country, to become, seq: 0
Packet received at 1519366608.044234
RTT: 0.113632
Packet to Server: A000058ack
Packet sent at 1519366608.044281
timeout: no events
resend count: 1
Packet to Server on resend: A000058ack
Packet received from server: 00059 the Executioners
of their Friends and Brethren, or to fall themselves by their Hands.

HE has excit, seq: 1
Packet received at 1519366613.163848
RTT: 5.119567
Packet to Server: A100059ack
Packet sent at 1519366613.163901
Packet received from server: 00060ed domestic Insurrections amongst us, and has endeavoured
to bring on the Inhabitants of our Frontie, seq: 0
Packet received at 1519366613.277086
RTT: 0.113185
Packet to Server: A000060ack
Packet sent at 1519366613.277127
Packet received from server: 00061rs, the merciless Indian
Savages, whose known Rule of Warfare, is an undistinguished
Destruction, of, seq: 1
Packet received at 1519366613.391019
RTT: 0.113892
Packet to Server: A100061ack
Packet sent at 1519366613.391071
timeout: no events
resend count: 1
Packet to Server on resend: A100061ack
Packet received from server: 00062 all Ages, Sexes, and Conditions.

IN every Stage of these Oppressions we have Petitioned for Redres, seq: 0
Packet received at 1519366618.509954
RTT: 5.118883
Packet to Server: A000062ack
Packet sent at 1519366618.509995
Packet received from server: 00063s in
the most humble Terms: Our repeated Petitions have been answered only
by repeated Injury. A Pri, seq: 1
Packet received at 1519366618.623276
RTT: 0.113281
Packet to Server: A100063ack
Packet sent at 1519366618.623318
Packet received from server: 00064nce, whose Character is thus marked by every
Act which may define a Tyrant, is unfit to be the Ruler, seq: 0
Packet received at 1519366618.736539
RTT: 0.113221
Packet to Server: A000064ack
Packet sent at 1519366618.736580
Packet received from server: 00065 of a free
People.

NOR have we been wanting in Attentions to our British Brethren. We
have warned t, seq: 1
Packet received at 1519366618.849800
RTT: 0.113220
Packet to Server: A100065ack
Packet sent at 1519366618.849842
Packet received from server: 00066hem, from Time to Time, of Attempts by their Legislature
to extend an unwarrantable Jurisdiction ove, seq: 0
Packet received at 1519366618.963081
RTT: 0.113239
Packet to Server: A000066ack
Packet sent at 1519366618.963125
Packet received from server: 00067r us. We have reminded them
of the Circumstances of our Emigration and Settlement here. We have
appe, seq: 1
Packet received at 1519366619.077213
RTT: 0.114088
Packet to Server: A100067ack
Packet sent at 1519366619.077257
Packet received from server: 00068aled to their native Justice and Magnanimity, and we have conjured
them by the Ties of our common Ki, seq: 0
Packet received at 1519366619.189847
RTT: 0.112590
Packet to Server: A000068ack
Packet sent at 1519366619.189889
Packet received from server: 00069ndred to disavow these Usurpations,
which would inevitably interrupt our Connexions and
Corresponden, seq: 1
Packet received at 1519366619.303480
RTT: 0.113591
Packet to Server: A100069ack
Packet sent at 1519366619.303522
Packet received from server: 00070ce. They too have been deaf to the Voice of Justice and of
Consanguinity. We must, therefore, acquie, seq: 0
Packet received at 1519366619.416813
RTT: 0.113291
Packet to Server: A000070ack
Packet sent at 1519366619.416856
timeout: no events
resend count: 1
Packet to Server on resend: A000070ack
Packet received from server: 00071sce in the Necessity, which
denounces our Separation, and hold them, as we hold the Rest of
Mankind,, seq: 1
Packet received at 1519366624.536149
RTT: 5.119293
Packet to Server: A100071ack
Packet sent at 1519366624.536191
Packet received from server: 00072 Enemies in War, in Peace Friends.

WE, therefore, the Representatives of the UNITED STATES OF AMERI, seq: 0
Packet received at 1519366624.650128
RTT: 0.113937
Packet to Server: A000072ack
Packet sent at 1519366624.650181
timeout: no events
resend count: 1
Packet to Server on resend: A000072ack
timeout: no events
resend count: 2
Packet to Server on resend: A000072ack
Packet received from server: 00073CA, in
GENERAL CONGRESS Assembled, appealing to the Supreme Judge of the
World for the Rectitude of , seq: 1
Packet received at 1519366634.775165
RTT: 10.124984
Packet to Server: A100073ack
Packet sent at 1519366634.775208
Packet received from server: 00074our Intentions, do, in the Name, and by
Authority of the good People of these Colonies, solemnly Pub, seq: 0
Packet received at 1519366634.888917
RTT: 0.113709
Packet to Server: A000074ack
Packet sent at 1519366634.888958
Packet received from server: 00075lish and
Declare, That these United Colonies are, and of Right ought to be,
FREE AND INDEPENDENT STA, seq: 1
Packet received at 1519366635.003182
RTT: 0.114224
Packet to Server: A100075ack
Packet sent at 1519366635.003304
Packet received from server: 00076TES; that they are absolved from all
Allegiance to the British Crown, and that all political Connexi, seq: 0
Packet received at 1519366635.116176
RTT: 0.112872
Packet to Server: A000076ack
Packet sent at 1519366635.116218
Packet received from server: 00077on
between them and the State of Great-Britain, is, and ought to be,
totally dissolved; and that as , seq: 1
Packet received at 1519366635.229526
RTT: 0.113308
Packet to Server: A100077ack
Packet sent at 1519366635.229568
Packet received from server: 00078FREE AND INDEPENDENT STATES, they have
full Power to levy War, conclude Peace, contract Alliances, e, seq: 0
Packet received at 1519366635.342602
RTT: 0.113034
Packet to Server: A000078ack
Packet sent at 1519366635.342643
Packet received from server: 00079stablish
Commerce, and to do all other Acts and Things which INDEPENDENT STATES
may of Right do. And, seq: 1
Packet received at 1519366635.456490
RTT: 0.113847
Packet to Server: A100079ack
Packet sent at 1519366635.456637
Packet received from server: 00080 for the Support of this Declaration, with a firm
Reliance on the Protection of DIVINE PROVIDENCE, w, seq: 0
Packet received at 1519366635.569930
RTT: 0.113293
Packet to Server: A000080ack
Packet sent at 1519366635.569973
Packet received from server: 00081e mutually pledge to
each other our Lives, our Fortunes, and our sacred Honour.
, seq: 1
Packet received at 1519366635.681795
RTT: 0.111822
Packet to Server: A100081ack
Packet sent at 1519366635.682028
timeout: no events
resend count: 1
Packet to Server on resend: A100081ack
Packet received from server: 00000I'm Done, seq: F
End of file, creating local copy.....
File created in current directory: declaration.txt
Last packet received at 1519366640.792220
FirstPackt sent at: 1519366536.378093, LastPacket received at: 1519366640.792220
Throughput~: 39MBps
