ready to communicate
Packet sent to Server: G000000declaration.txt
Packet sent at 1519366922.593424
First packet sent at 1519366922.593437
Packet received from server: 00001WHEN, in the Course of human Events, it becomes necessary for one
People to dissolve the Political B, seq: 1
Packet received at 1519366922.707689
RTT: 0.114265
Packet to Server: A100001ack
Packet sent at 1519366922.707774
Packet received from server: 00002ands which have connected them with
another, and to assume, among the Powers of the Earth, the separ, seq: 0
Packet received at 1519366922.821468
RTT: 0.113694
Packet to Server: A000002ack
Packet sent at 1519366922.821511
Packet received from server: 00003ate
and equal Station to which the Laws of Nature and of Nature's GOD
entitle them, a decent Respect, seq: 1
Packet received at 1519366922.934812
RTT: 0.113301
Packet to Server: A100003ack
Packet sent at 1519366922.934857
Packet received from server: 00004 to the Opinions of Mankind requires
that they should declare the Causes which impel them to the
Sep, seq: 0
Packet received at 1519366923.048566
RTT: 0.113709
Packet to Server: A000004ack
Packet sent at 1519366923.048609
Packet received from server: 00005aration.

We hold these Truths to be self-evident, that all Men are created
equal, that they are end, seq: 1
Packet received at 1519366923.161531
RTT: 0.112922
Packet to Server: A100005ack
Packet sent at 1519366923.161575
Packet received from server: 00006owed, by their CREATOR, with certain
unalienable Rights, that among these are Life, Liberty, and the, seq: 0
Packet received at 1519366923.274782
RTT: 0.113207
Packet to Server: A000006ack
Packet sent at 1519366923.274867
Packet received from server: 00007
Pursuit of Happiness.--That to secure these Rights, Governments are
instituted among Men, deriving , seq: 1
Packet received at 1519366923.387983
RTT: 0.113116
Packet to Server: A100007ack
Packet sent at 1519366923.388031
Packet received from server: 00008their just Powers from the Consent of
the Governed, that whenever any Form of Government becomes des, seq: 0
Packet received at 1519366923.501648
RTT: 0.113617
Packet to Server: A000008ack
Packet sent at 1519366923.501691
Packet received from server: 00009tructive
of these Ends, it is the Right of the People to alter or to abolish
it, and to institute ne, seq: 1
Packet received at 1519366923.615342
RTT: 0.113651
Packet to Server: A100009ack
Packet sent at 1519366923.615385
Packet received from server: 00010w Government, laying its Foundation on such
Principles, and organizing its Powers in such Form, as t, seq: 0
Packet received at 1519366923.728112
RTT: 0.112727
Packet to Server: A000010ack
Packet sent at 1519366923.728152
Packet received from server: 00011o them shall
seem most likely to effect their Safety and Happiness. Prudence,
indeed, will dictate, , seq: 1
Packet received at 1519366923.841284
RTT: 0.113132
Packet to Server: A100011ack
Packet sent at 1519366923.841327
Packet received from server: 00012that Governments long established, should not be
changed for light and transient Causes; and accordi, seq: 0
Packet received at 1519366923.954643
RTT: 0.113316
Packet to Server: A000012ack
Packet sent at 1519366923.954685
Packet received from server: 00013ngly all Experience
hath shewn, that Mankind are more disposed to suffer, while Evils are
sufferable, seq: 1
Packet received at 1519366924.068078
RTT: 0.113393
Packet to Server: A100013ack
Packet sent at 1519366924.068122
Packet received from server: 00014, than to right themselves by abolishing the Forms to which
they are accustomed. But when a long Tra, seq: 0
Packet received at 1519366924.181959
RTT: 0.113837
Packet to Server: A000014ack
Packet sent at 1519366924.182003
Packet received from server: 00015in of Abuses and Usurpations,
pursuing invariably the same Object, evinces a Design to reduce them
u, seq: 1
Packet received at 1519366924.294497
RTT: 0.112494
Packet to Server: A100015ack
Packet sent at 1519366924.294540
Packet received from server: 00016nder absolute Despotism, it is their Right, it is their Duty, to
throw off such Government, and to p, seq: 0
Packet received at 1519366924.408562
RTT: 0.114022
Packet to Server: A000016ack
Packet sent at 1519366924.408606
Packet received from server: 00017rovide new Guards for their future
Security. Such has been the patient Sufferance of these Colonies;, seq: 1
Packet received at 1519366924.521489
RTT: 0.112883
Packet to Server: A100017ack
Packet sent at 1519366924.521533
Packet received from server: 00018 and
such is now the Necessity which constrains them to alter their former
Systems of Government. Th, seq: 0
Packet received at 1519366924.635690
RTT: 0.114157
Packet to Server: A000018ack
Packet sent at 1519366924.635734
Packet received from server: 00019e History of the present King of
Great-Britain is a History of repeated Injuries and Usurpations, al, seq: 1
Packet received at 1519366924.749584
RTT: 0.113850
Packet to Server: A100019ack
Packet sent at 1519366924.749625
Packet received from server: 00020l
having in direct Object the Establishment of an absolute Tyranny over
these States. To prove this,, seq: 0
Packet received at 1519366924.863490
RTT: 0.113865
Packet to Server: A000020ack
Packet sent at 1519366924.863596
Packet received from server: 00021 let Facts be submitted to a candid World.

HE has refused his Assent to Laws, the most wholesome an, seq: 1
Packet received at 1519366924.977441
RTT: 0.113845
Packet to Server: A100021ack
Packet sent at 1519366924.977482
Packet received from server: 00022d necessary
for the public Good.

HE has forbidden his Governors to pass Laws of immediate and press, seq: 0
Packet received at 1519366925.090984
RTT: 0.113502
Packet to Server: A000022ack
Packet sent at 1519366925.091034
Packet received from server: 00023ing
Importance, unless suspended in their Operation till his Assent should
be obtained; and when so , seq: 1
Packet received at 1519366925.205131
RTT: 0.114097
Packet to Server: A100023ack
Packet sent at 1519366925.205171
Packet received from server: 00024suspended, he has utterly neglected to attend
to them.

HE has refused to pass other Laws for the Ac, seq: 0
Packet received at 1519366925.319198
RTT: 0.114027
Packet to Server: A000024ack
Packet sent at 1519366925.319242
Packet received from server: 00025commodation of large
Districts of People, unless those People would relinquish the Right of
Represen, seq: 1
Packet received at 1519366925.433250
RTT: 0.114008
Packet to Server: A100025ack
Packet sent at 1519366925.433296
Packet received from server: 00026tation in the Legislature, a Right inestimable to them, and
formidable to Tyranny only.

HE has call, seq: 0
Packet received at 1519366925.546638
RTT: 0.113342
Packet to Server: A000026ack
Packet sent at 1519366925.546679
Packet received from server: 00027ed together Legislative Bodies at Places unusual,
uncomfortable, and distant from the Depository of , seq: 1
Packet received at 1519366925.659579
RTT: 0.112900
Packet to Server: A100027ack
Packet sent at 1519366925.659621
Packet received from server: 00028their public
Records, for the sole Purpose of fatiguing them into Compliance with
his Measures.

HE , seq: 0
Packet received at 1519366925.772129
RTT: 0.112508
Packet to Server: A000028ack
Packet sent at 1519366925.772170
Packet received from server: 00029has dissolved Representative Houses repeatedly, for opposing with
manly Firmness his Invasions on th, seq: 1
Packet received at 1519366925.885505
RTT: 0.113335
Packet to Server: A100029ack
Packet sent at 1519366925.885545
Packet received from server: 00030e Rights of the People.

HE has refused for a long Time, after such Dissolutions, to cause
others to, seq: 0
Packet received at 1519366925.999715
RTT: 0.114170
Packet to Server: A000030ack
Packet sent at 1519366925.999762
Packet received from server: 00031 be elected; whereby the Legislative Powers, incapable of
Annihilation, have returned to the People , seq: 1
Packet received at 1519366926.112856
RTT: 0.113094
Packet to Server: A100031ack
Packet sent at 1519366926.112897
Packet received from server: 00032at large for their exercise;
the State remaining, in the mean Time, exposed to all the Dangers of
In, seq: 0
Packet received at 1519366926.227282
RTT: 0.114385
Packet to Server: A000032ack
Packet sent at 1519366926.227324
Packet received from server: 00033vasion from without, and Convulsions within.

HE has endeavoured to prevent the Population of these , seq: 1
Packet received at 1519366926.340591
RTT: 0.113267
Packet to Server: A100033ack
Packet sent at 1519366926.340632
Packet received from server: 00034States; for that
Purpose obstructing the Laws for Naturalization of Foreigners;
refusing to pass oth, seq: 0
Packet received at 1519366926.454157
RTT: 0.113525
Packet to Server: A000034ack
Packet sent at 1519366926.454197
Packet received from server: 00035ers to encourage their Migrations hither, and
raising the Conditions of new Appropriations of Lands., seq: 1
Packet received at 1519366926.567951
RTT: 0.113754
Packet to Server: A100035ack
Packet sent at 1519366926.567992
Packet received from server: 00036

HE has obstructed the Administration of Justice, by refusing his
Assent to Laws for establishing J, seq: 0
Packet received at 1519366926.681427
RTT: 0.113435
Packet to Server: A000036ack
Packet sent at 1519366926.681469
Packet received from server: 00037udiciary Powers.

HE has made Judges dependent on his Will alone, for the Tenure of
their Offices, a, seq: 1
Packet received at 1519366926.795320
RTT: 0.113851
Packet to Server: A100037ack
Packet sent at 1519366926.795362
Packet received from server: 00038nd the Amount and Payment of their Salaries.

HE has erected a Multitude of new Offices, and sent hi, seq: 0
Packet received at 1519366926.909297
RTT: 0.113935
Packet to Server: A000038ack
Packet sent at 1519366926.909351
Packet received from server: 00039ther Swarms of
Officers to harrass our People, and eat out their Substance.

HE has kept among us, i, seq: 1
Packet received at 1519366927.023594
RTT: 0.114243
Packet to Server: A100039ack
Packet sent at 1519366927.023689
Packet received from server: 00040n Times of Peace, Standing Armies, without the
Consent of our Legislatures.

HE has affected to rend, seq: 0
Packet received at 1519366927.137115
RTT: 0.113426
Packet to Server: A000040ack
Packet sent at 1519366927.137156
Packet received from server: 00041er the Military independent of and superior to
the Civil Power.

HE has combined with others to subj, seq: 1
Packet received at 1519366927.251260
RTT: 0.114104
Packet to Server: A100041ack
Packet sent at 1519366927.251332
Packet received from server: 00042ect us to a Jurisdiction foreign to
our Constitution, and unacknowledged by our Laws; giving his Ass, seq: 0
Packet received at 1519366927.365210
RTT: 0.113878
Packet to Server: A000042ack
Packet sent at 1519366927.365253
Packet received from server: 00043ent to
their Acts of pretended Legislation:

FOR quartering large Bodies of Armed Troops among us:

, seq: 1
Packet received at 1519366927.479218
RTT: 0.113965
Packet to Server: A100043ack
Packet sent at 1519366927.479257
Packet received from server: 00044FOR protecting them, by a mock Trial, from Punishment for any Murders
which they should commit on th, seq: 0
Packet received at 1519366927.592430
RTT: 0.113173
Packet to Server: A000044ack
Packet sent at 1519366927.592520
Packet received from server: 00045e Inhabitants of these States:

FOR cutting off our Trade with all Parts of the World:

FOR imposing, seq: 1
Packet received at 1519366927.705770
RTT: 0.113250
Packet to Server: A100045ack
Packet sent at 1519366927.705811
Packet received from server: 00046 Taxes on us without our Consent:

FOR depriving us, in many Cases, of the Benefits of Trial by Jury, seq: 0
Packet received at 1519366927.819107
RTT: 0.113296
Packet to Server: A000046ack
Packet sent at 1519366927.819169
Packet received from server: 00047:

FOR transporting us beyond Seas to be tried for pretended Offences:

FOR abolishing the free Syst, seq: 1
Packet received at 1519366927.932892
RTT: 0.113723
Packet to Server: A100047ack
Packet sent at 1519366927.932941
Packet received from server: 00048em of English Laws in a neighbouring
Province, establishing therein an arbitrary Government, and enl, seq: 0
Packet received at 1519366928.045807
RTT: 0.112866
Packet to Server: A000048ack
Packet sent at 1519366928.045847
Packet received from server: 00049arging
its Boundaries, so as to render it at once an Example and fit
Instrument for introducing the , seq: 1
Packet received at 1519366928.159523
RTT: 0.113676
Packet to Server: A100049ack
Packet sent at 1519366928.159564
Packet received from server: 00050same absolute Rule into these Colonies:

FOR taking away our Charters, abolishing our most valuable , seq: 0
Packet received at 1519366928.272447
RTT: 0.112883
Packet to Server: A000050ack
Packet sent at 1519366928.272488
Packet received from server: 00051Laws, and
altering fundamentally the Forms of our Governments:

FOR suspending our own Legislatures,, seq: 1
Packet received at 1519366928.385951
RTT: 0.113463
Packet to Server: A100051ack
Packet sent at 1519366928.385992
Packet received from server: 00052 and declaring themselves invested
with Power to legislate for us in all Cases whatsoever.

HE has a, seq: 0
Packet received at 1519366928.498794
RTT: 0.112802
Packet to Server: A000052ack
Packet sent at 1519366928.498836
Packet received from server: 00053bdicated Government here, by declaring us out of his
Protection, and waging War against us.

HE has , seq: 1
Packet received at 1519366928.612728
RTT: 0.113892
Packet to Server: A100053ack
Packet sent at 1519366928.612772
Packet received from server: 00054plundered our Seas, ravaged our Coasts, burnt our Towns, and
destroyed the Lives of our People.

HE , seq: 0
Packet received at 1519366928.725935
RTT: 0.113163
Packet to Server: A000054ack
Packet sent at 1519366928.725974
Packet received from server: 00055is, at this Time, transporting large Armies of foreign Mercenaries
to complete the Works of Death, D, seq: 1
Packet received at 1519366928.838701
RTT: 0.112727
Packet to Server: A100055ack
Packet sent at 1519366928.838743
Packet received from server: 00056esolation, and Tyranny, already begun
with Circumstances of Cruelty and Perfidy, scarcely paralleled, seq: 0
Packet received at 1519366928.952918
RTT: 0.114175
Packet to Server: A000056ack
Packet sent at 1519366928.952957
Packet received from server: 00057 in the
most barbarous Ages, and totally unworthy the Head of a civilized
Nation.

HE has constraine, seq: 1
Packet received at 1519366929.066483
RTT: 0.113526
Packet to Server: A100057ack
Packet sent at 1519366929.066559
Packet received from server: 00058d our Fellow-Citizens, taken Captive on the high
Seas, to bear Arms against their Country, to become, seq: 0
Packet received at 1519366929.179747
RTT: 0.113188
Packet to Server: A000058ack
Packet sent at 1519366929.179788
Packet received from server: 00059 the Executioners
of their Friends and Brethren, or to fall themselves by their Hands.

HE has excit, seq: 1
Packet received at 1519366929.293499
RTT: 0.113711
Packet to Server: A100059ack
Packet sent at 1519366929.293540
Packet received from server: 00060ed domestic Insurrections amongst us, and has endeavoured
to bring on the Inhabitants of our Frontie, seq: 0
Packet received at 1519366929.407901
RTT: 0.114361
Packet to Server: A000060ack
Packet sent at 1519366929.407942
Packet received from server: 00061rs, the merciless Indian
Savages, whose known Rule of Warfare, is an undistinguished
Destruction, of, seq: 1
Packet received at 1519366929.522074
RTT: 0.114132
Packet to Server: A100061ack
Packet sent at 1519366929.522116
Packet received from server: 00062 all Ages, Sexes, and Conditions.

IN every Stage of these Oppressions we have Petitioned for Redres, seq: 0
Packet received at 1519366929.636280
RTT: 0.114164
Packet to Server: A000062ack
Packet sent at 1519366929.636328
Packet received from server: 00063s in
the most humble Terms: Our repeated Petitions have been answered only
by repeated Injury. A Pri, seq: 1
Packet received at 1519366929.749908
RTT: 0.113580
Packet to Server: A100063ack
Packet sent at 1519366929.749948
Packet received from server: 00064nce, whose Character is thus marked by every
Act which may define a Tyrant, is unfit to be the Ruler, seq: 0
Packet received at 1519366929.862953
RTT: 0.113005
Packet to Server: A000064ack
Packet sent at 1519366929.862998
Packet received from server: 00065 of a free
People.

NOR have we been wanting in Attentions to our British Brethren. We
have warned t, seq: 1
Packet received at 1519366929.975772
RTT: 0.112774
Packet to Server: A100065ack
Packet sent at 1519366929.975815
Packet received from server: 00066hem, from Time to Time, of Attempts by their Legislature
to extend an unwarrantable Jurisdiction ove, seq: 0
Packet received at 1519366930.089137
RTT: 0.113322
Packet to Server: A000066ack
Packet sent at 1519366930.089178
Packet received from server: 00067r us. We have reminded them
of the Circumstances of our Emigration and Settlement here. We have
appe, seq: 1
Packet received at 1519366930.202681
RTT: 0.113503
Packet to Server: A100067ack
Packet sent at 1519366930.202721
Packet received from server: 00068aled to their native Justice and Magnanimity, and we have conjured
them by the Ties of our common Ki, seq: 0
Packet received at 1519366930.315660
RTT: 0.112939
Packet to Server: A000068ack
Packet sent at 1519366930.315702
Packet received from server: 00069ndred to disavow these Usurpations,
which would inevitably interrupt our Connexions and
Corresponden, seq: 1
Packet received at 1519366930.430029
RTT: 0.114327
Packet to Server: A100069ack
Packet sent at 1519366930.430071
Packet received from server: 00070ce. They too have been deaf to the Voice of Justice and of
Consanguinity. We must, therefore, acquie, seq: 0
Packet received at 1519366930.544191
RTT: 0.114120
Packet to Server: A000070ack
Packet sent at 1519366930.544233
Packet received from server: 00071sce in the Necessity, which
denounces our Separation, and hold them, as we hold the Rest of
Mankind,, seq: 1
Packet received at 1519366930.657261
RTT: 0.113028
Packet to Server: A100071ack
Packet sent at 1519366930.657300
Packet received from server: 00072 Enemies in War, in Peace Friends.

WE, therefore, the Representatives of the UNITED STATES OF AMERI, seq: 0
Packet received at 1519366930.770718
RTT: 0.113418
Packet to Server: A000072ack
Packet sent at 1519366930.770766
Packet received from server: 00073CA, in
GENERAL CONGRESS Assembled, appealing to the Supreme Judge of the
World for the Rectitude of , seq: 1
Packet received at 1519366930.883277
RTT: 0.112511
Packet to Server: A100073ack
Packet sent at 1519366930.883320
Packet received from server: 00074our Intentions, do, in the Name, and by
Authority of the good People of these Colonies, solemnly Pub, seq: 0
Packet received at 1519366930.997214
RTT: 0.113894
Packet to Server: A000074ack
Packet sent at 1519366930.997287
Packet received from server: 00075lish and
Declare, That these United Colonies are, and of Right ought to be,
FREE AND INDEPENDENT STA, seq: 1
Packet received at 1519366931.111173
RTT: 0.113886
Packet to Server: A100075ack
Packet sent at 1519366931.111215
Packet received from server: 00076TES; that they are absolved from all
Allegiance to the British Crown, and that all political Connexi, seq: 0
Packet received at 1519366931.225308
RTT: 0.114093
Packet to Server: A000076ack
Packet sent at 1519366931.225378
Packet received from server: 00077on
between them and the State of Great-Britain, is, and ought to be,
totally dissolved; and that as , seq: 1
Packet received at 1519366931.339464
RTT: 0.114086
Packet to Server: A100077ack
Packet sent at 1519366931.339504
Packet received from server: 00078FREE AND INDEPENDENT STATES, they have
full Power to levy War, conclude Peace, contract Alliances, e, seq: 0
Packet received at 1519366931.452879
RTT: 0.113375
Packet to Server: A000078ack
Packet sent at 1519366931.452927
Packet received from server: 00079stablish
Commerce, and to do all other Acts and Things which INDEPENDENT STATES
may of Right do. And, seq: 1
Packet received at 1519366931.566704
RTT: 0.113777
Packet to Server: A100079ack
Packet sent at 1519366931.566746
Packet received from server: 00080 for the Support of this Declaration, with a firm
Reliance on the Protection of DIVINE PROVIDENCE, w, seq: 0
Packet received at 1519366931.680317
RTT: 0.113571
Packet to Server: A000080ack
Packet sent at 1519366931.680359
Packet received from server: 00081e mutually pledge to
each other our Lives, our Fortunes, and our sacred Honour.
, seq: 1
Packet received at 1519366931.792356
RTT: 0.111997
Packet to Server: A100081ack
Packet sent at 1519366931.792471
Packet received from server: 00000I'm Done, seq: F
End of file, creating local copy.....
File created in current directory: declaration.txt
Last packet received at 1519366931.897238
FirstPackt sent at: 1519366922.593437, LastPacket received at: 1519366931.897238
Throughput~: 440MBps
