ready to communicate
Packet sent to Server: P000000declaration.txt
Packet sent at 1519367908.828785
First packet sent at 1519367908.828793
Packet received from server: 00000ack, seq: 0
Packet received at 1519367909.934037
RTT: 1.105252
Packet sent to Server: D100001WHEN, in the Course of human Events, it becomes necessary for one
People to dissolve the Political B
Packet sent at 1519367909.934400
Packet received from server: 00001ack, seq: 1
Packet received at 1519367910.047694
RTT: 0.113294
Packet sent to Server: D000002ands which have connected them with
another, and to assume, among the Powers of the Earth, the separ
Packet sent at 1519367910.047746
Packet received from server: 00002ack, seq: 0
Packet received at 1519367910.161837
RTT: 0.114091
Packet sent to Server: D100003ate
and equal Station to which the Laws of Nature and of Nature's GOD
entitle them, a decent Respect
Packet sent at 1519367910.161910
Packet received from server: 00003ack, seq: 1
Packet received at 1519367910.276137
RTT: 0.114227
Packet sent to Server: D000004 to the Opinions of Mankind requires
that they should declare the Causes which impel them to the
Sep
Packet sent at 1519367910.276196
Packet received from server: 00004ack, seq: 0
Packet received at 1519367910.388908
RTT: 0.112712
Packet sent to Server: D100005aration.

We hold these Truths to be self-evident, that all Men are created
equal, that they are end
Packet sent at 1519367910.388969
Packet received from server: 00005ack, seq: 1
Packet received at 1519367910.502848
RTT: 0.113879
Packet sent to Server: D000006owed, by their CREATOR, with certain
unalienable Rights, that among these are Life, Liberty, and the
Packet sent at 1519367910.502908
Packet received from server: 00006ack, seq: 0
Packet received at 1519367910.622780
RTT: 0.119872
Packet sent to Server: D100007
Pursuit of Happiness.--That to secure these Rights, Governments are
instituted among Men, deriving 
Packet sent at 1519367910.622833
Packet received from server: 00007ack, seq: 1
Packet received at 1519367910.737083
RTT: 0.114250
Packet sent to Server: D000008their just Powers from the Consent of
the Governed, that whenever any Form of Government becomes des
Packet sent at 1519367910.737135
Packet received from server: 00008ack, seq: 0
Packet received at 1519367910.850822
RTT: 0.113687
Packet sent to Server: D100009tructive
of these Ends, it is the Right of the People to alter or to abolish
it, and to institute ne
Packet sent at 1519367910.850883
Packet received from server: 00009ack, seq: 1
Packet received at 1519367910.964784
RTT: 0.113901
Packet sent to Server: D000010w Government, laying its Foundation on such
Principles, and organizing its Powers in such Form, as t
Packet sent at 1519367910.964904
Packet received from server: 00010ack, seq: 0
Packet received at 1519367911.078348
RTT: 0.113444
Packet sent to Server: D100011o them shall
seem most likely to effect their Safety and Happiness. Prudence,
indeed, will dictate, 
Packet sent at 1519367911.078409
Packet received from server: 00011ack, seq: 1
Packet received at 1519367911.192632
RTT: 0.114223
Packet sent to Server: D000012that Governments long established, should not be
changed for light and transient Causes; and accordi
Packet sent at 1519367911.192693
Packet received from server: 00012ack, seq: 0
Packet received at 1519367911.306467
RTT: 0.113774
Packet sent to Server: D100013ngly all Experience
hath shewn, that Mankind are more disposed to suffer, while Evils are
sufferable
Packet sent at 1519367911.306519
Packet received from server: 00013ack, seq: 1
Packet received at 1519367911.420040
RTT: 0.113521
Packet sent to Server: D000014, than to right themselves by abolishing the Forms to which
they are accustomed. But when a long Tra
Packet sent at 1519367911.420093
Packet received from server: 00014ack, seq: 0
Packet received at 1519367911.538851
RTT: 0.118758
Packet sent to Server: D100015in of Abuses and Usurpations,
pursuing invariably the same Object, evinces a Design to reduce them
u
Packet sent at 1519367911.538917
Packet received from server: 00015ack, seq: 1
Packet received at 1519367911.652980
RTT: 0.114063
Packet sent to Server: D000016nder absolute Despotism, it is their Right, it is their Duty, to
throw off such Government, and to p
Packet sent at 1519367911.653027
Packet received from server: 00016ack, seq: 0
Packet received at 1519367911.765978
RTT: 0.112951
Packet sent to Server: D100017rovide new Guards for their future
Security. Such has been the patient Sufferance of these Colonies;
Packet sent at 1519367911.766044
Packet received from server: 00017ack, seq: 1
Packet received at 1519367912.880305
RTT: 1.114261
Packet sent to Server: D000018 and
such is now the Necessity which constrains them to alter their former
Systems of Government. Th
Packet sent at 1519367912.880399
Packet received from server: 00018ack, seq: 0
Packet received at 1519367912.995296
RTT: 0.114897
Packet sent to Server: D100019e History of the present King of
Great-Britain is a History of repeated Injuries and Usurpations, al
Packet sent at 1519367912.995334
Packet received from server: 00019ack, seq: 1
Packet received at 1519367913.109032
RTT: 0.113698
Packet sent to Server: D000020l
having in direct Object the Establishment of an absolute Tyranny over
these States. To prove this,
Packet sent at 1519367913.109111
Packet received from server: 00020ack, seq: 0
Packet received at 1519367913.222969
RTT: 0.113858
Packet sent to Server: D100021 let Facts be submitted to a candid World.

HE has refused his Assent to Laws, the most wholesome an
Packet sent at 1519367913.223023
Packet received from server: 00021ack, seq: 1
Packet received at 1519367913.336539
RTT: 0.113516
Packet sent to Server: D000022d necessary
for the public Good.

HE has forbidden his Governors to pass Laws of immediate and press
Packet sent at 1519367913.336577
Packet received from server: 00022ack, seq: 0
Packet received at 1519367914.450322
RTT: 1.113745
Packet sent to Server: D100023ing
Importance, unless suspended in their Operation till his Assent should
be obtained; and when so 
Packet sent at 1519367914.450454
Packet received from server: 00023ack, seq: 1
Packet received at 1519367914.564165
RTT: 0.113711
Packet sent to Server: D000024suspended, he has utterly neglected to attend
to them.

HE has refused to pass other Laws for the Ac
Packet sent at 1519367914.564209
Packet received from server: 00024ack, seq: 0
Packet received at 1519367914.677980
RTT: 0.113771
Packet sent to Server: D100025commodation of large
Districts of People, unless those People would relinquish the Right of
Represen
Packet sent at 1519367914.678017
Packet received from server: 00025ack, seq: 1
Packet received at 1519367914.790816
RTT: 0.112799
Packet sent to Server: D000026tation in the Legislature, a Right inestimable to them, and
formidable to Tyranny only.

HE has call
Packet sent at 1519367914.790855
Packet received from server: 00026ack, seq: 0
Packet received at 1519367914.904979
RTT: 0.114124
Packet sent to Server: D100027ed together Legislative Bodies at Places unusual,
uncomfortable, and distant from the Depository of 
Packet sent at 1519367914.905017
Packet received from server: 00027ack, seq: 1
Packet received at 1519367916.019412
RTT: 1.114395
Packet sent to Server: D000028their public
Records, for the sole Purpose of fatiguing them into Compliance with
his Measures.

HE 
Packet sent at 1519367916.019491
Packet received from server: 00028ack, seq: 0
Packet received at 1519367916.133032
RTT: 0.113541
Packet sent to Server: D100029has dissolved Representative Houses repeatedly, for opposing with
manly Firmness his Invasions on th
Packet sent at 1519367916.133099
Packet received from server: 00029ack, seq: 1
Packet received at 1519367917.248228
RTT: 1.115129
Packet sent to Server: D000030e Rights of the People.

HE has refused for a long Time, after such Dissolutions, to cause
others to
Packet sent at 1519367917.248299
Packet received from server: 00030ack, seq: 0
Packet received at 1519367917.360908
RTT: 0.112609
Packet sent to Server: D100031 be elected; whereby the Legislative Powers, incapable of
Annihilation, have returned to the People 
Packet sent at 1519367917.360964
Packet received from server: 00031ack, seq: 1
Packet received at 1519367917.474292
RTT: 0.113328
Packet sent to Server: D000032at large for their exercise;
the State remaining, in the mean Time, exposed to all the Dangers of
In
Packet sent at 1519367917.474339
Packet received from server: 00032ack, seq: 0
Packet received at 1519367917.587404
RTT: 0.113065
Packet sent to Server: D100033vasion from without, and Convulsions within.

HE has endeavoured to prevent the Population of these 
Packet sent at 1519367917.587442
Packet received from server: 00033ack, seq: 1
Packet received at 1519367918.701785
RTT: 1.114343
Packet sent to Server: D000034States; for that
Purpose obstructing the Laws for Naturalization of Foreigners;
refusing to pass oth
Packet sent at 1519367918.701917
Packet received from server: 00034ack, seq: 0
Packet received at 1519367918.816817
RTT: 0.114900
Packet sent to Server: D100035ers to encourage their Migrations hither, and
raising the Conditions of new Appropriations of Lands.
Packet sent at 1519367918.816855
Packet received from server: 00035ack, seq: 1
Packet received at 1519367918.929765
RTT: 0.112910
Packet sent to Server: D000036

HE has obstructed the Administration of Justice, by refusing his
Assent to Laws for establishing J
Packet sent at 1519367918.929803
Packet received from server: 00036ack, seq: 0
Packet received at 1519367919.043134
RTT: 0.113331
Packet sent to Server: D100037udiciary Powers.

HE has made Judges dependent on his Will alone, for the Tenure of
their Offices, a
Packet sent at 1519367919.043172
Packet received from server: 00037ack, seq: 1
Packet received at 1519367919.156688
RTT: 0.113516
Packet sent to Server: D000038nd the Amount and Payment of their Salaries.

HE has erected a Multitude of new Offices, and sent hi
Packet sent at 1519367919.156727
Packet received from server: 00038ack, seq: 0
Packet received at 1519367919.270233
RTT: 0.113506
Packet sent to Server: D100039ther Swarms of
Officers to harrass our People, and eat out their Substance.

HE has kept among us, i
Packet sent at 1519367919.270297
Packet received from server: 00039ack, seq: 1
Packet received at 1519367919.384188
RTT: 0.113891
Packet sent to Server: D000040n Times of Peace, Standing Armies, without the
Consent of our Legislatures.

HE has affected to rend
Packet sent at 1519367919.384227
Packet received from server: 00040ack, seq: 0
Packet received at 1519367919.497717
RTT: 0.113490
Packet sent to Server: D100041er the Military independent of and superior to
the Civil Power.

HE has combined with others to subj
Packet sent at 1519367919.497771
Packet received from server: 00041ack, seq: 1
Packet received at 1519367919.611903
RTT: 0.114132
Packet sent to Server: D000042ect us to a Jurisdiction foreign to
our Constitution, and unacknowledged by our Laws; giving his Ass
Packet sent at 1519367919.611982
Packet received from server: 00042ack, seq: 0
Packet received at 1519367920.726630
RTT: 1.114648
Packet sent to Server: D100043ent to
their Acts of pretended Legislation:

FOR quartering large Bodies of Armed Troops among us:


Packet sent at 1519367920.726771
Packet received from server: 00043ack, seq: 1
Packet received at 1519367921.840889
RTT: 1.114118
Packet sent to Server: D000044FOR protecting them, by a mock Trial, from Punishment for any Murders
which they should commit on th
Packet sent at 1519367921.841021
Packet received from server: 00044ack, seq: 0
Packet received at 1519367921.954325
RTT: 0.113304
Packet sent to Server: D100045e Inhabitants of these States:

FOR cutting off our Trade with all Parts of the World:

FOR imposing
Packet sent at 1519367921.954381
Packet received from server: 00045ack, seq: 1
Packet received at 1519367922.068415
RTT: 0.114034
Packet sent to Server: D000046 Taxes on us without our Consent:

FOR depriving us, in many Cases, of the Benefits of Trial by Jury
Packet sent at 1519367922.068454
Packet received from server: 00046ack, seq: 0
Packet received at 1519367922.182557
RTT: 0.114103
Packet sent to Server: D100047:

FOR transporting us beyond Seas to be tried for pretended Offences:

FOR abolishing the free Syst
Packet sent at 1519367922.182643
Packet received from server: 00047ack, seq: 1
Packet received at 1519367922.295822
RTT: 0.113179
Packet sent to Server: D000048em of English Laws in a neighbouring
Province, establishing therein an arbitrary Government, and enl
Packet sent at 1519367922.295859
Packet received from server: 00048ack, seq: 0
Packet received at 1519367923.410659
RTT: 1.114800
Packet sent to Server: D100049arging
its Boundaries, so as to render it at once an Example and fit
Instrument for introducing the 
Packet sent at 1519367923.410696
Packet received from server: 00049ack, seq: 1
Packet received at 1519367923.524172
RTT: 0.113476
Packet sent to Server: D000050same absolute Rule into these Colonies:

FOR taking away our Charters, abolishing our most valuable 
Packet sent at 1519367923.524210
Packet received from server: 00050ack, seq: 0
Packet received at 1519367923.637427
RTT: 0.113217
Packet sent to Server: D100051Laws, and
altering fundamentally the Forms of our Governments:

FOR suspending our own Legislatures,
Packet sent at 1519367923.637471
Packet received from server: 00051ack, seq: 1
Packet received at 1519367923.750601
RTT: 0.113130
Packet sent to Server: D000052 and declaring themselves invested
with Power to legislate for us in all Cases whatsoever.

HE has a
Packet sent at 1519367923.750642
Packet received from server: 00052ack, seq: 0
Packet received at 1519367924.864401
RTT: 1.113759
Packet sent to Server: D100053bdicated Government here, by declaring us out of his
Protection, and waging War against us.

HE has 
Packet sent at 1519367924.864445
Packet received from server: 00053ack, seq: 1
Packet received at 1519367925.978939
RTT: 1.114494
Packet sent to Server: D000054plundered our Seas, ravaged our Coasts, burnt our Towns, and
destroyed the Lives of our People.

HE 
Packet sent at 1519367925.979212
Packet received from server: 00054ack, seq: 0
Packet received at 1519367926.092839
RTT: 0.113627
Packet sent to Server: D100055is, at this Time, transporting large Armies of foreign Mercenaries
to complete the Works of Death, D
Packet sent at 1519367926.092875
Packet received from server: 00055ack, seq: 1
Packet received at 1519367928.207607
RTT: 2.114732
Packet sent to Server: D000056esolation, and Tyranny, already begun
with Circumstances of Cruelty and Perfidy, scarcely paralleled
Packet sent at 1519367928.207704
Packet received from server: 00056ack, seq: 0
Packet received at 1519367928.321204
RTT: 0.113500
Packet sent to Server: D100057 in the
most barbarous Ages, and totally unworthy the Head of a civilized
Nation.

HE has constraine
Packet sent at 1519367928.321268
Packet received from server: 00057ack, seq: 1
Packet received at 1519367929.435017
RTT: 1.113749
Packet sent to Server: D000058d our Fellow-Citizens, taken Captive on the high
Seas, to bear Arms against their Country, to become
Packet sent at 1519367929.435156
Packet received from server: 00058ack, seq: 0
Packet received at 1519367929.548928
RTT: 0.113772
Packet sent to Server: D100059 the Executioners
of their Friends and Brethren, or to fall themselves by their Hands.

HE has excit
Packet sent at 1519367929.548968
Packet received from server: 00059ack, seq: 1
Packet received at 1519367929.662499
RTT: 0.113531
Packet sent to Server: D000060ed domestic Insurrections amongst us, and has endeavoured
to bring on the Inhabitants of our Frontie
Packet sent at 1519367929.662537
Packet received from server: 00060ack, seq: 0
Packet received at 1519367930.775977
RTT: 1.113440
Packet sent to Server: D100061rs, the merciless Indian
Savages, whose known Rule of Warfare, is an undistinguished
Destruction, of
Packet sent at 1519367930.776118
Packet received from server: 00061ack, seq: 1
Packet received at 1519367930.890103
RTT: 0.113985
Packet sent to Server: D000062 all Ages, Sexes, and Conditions.

IN every Stage of these Oppressions we have Petitioned for Redres
Packet sent at 1519367930.890150
Packet received from server: 00062ack, seq: 0
Packet received at 1519367931.004299
RTT: 0.114149
Packet sent to Server: D100063s in
the most humble Terms: Our repeated Petitions have been answered only
by repeated Injury. A Pri
Packet sent at 1519367931.004360
Packet received from server: 00063ack, seq: 1
Packet received at 1519367931.117867
RTT: 0.113507
Packet sent to Server: D000064nce, whose Character is thus marked by every
Act which may define a Tyrant, is unfit to be the Ruler
Packet sent at 1519367931.117905
Packet received from server: 00064ack, seq: 0
Packet received at 1519367931.231217
RTT: 0.113312
Packet sent to Server: D100065 of a free
People.

NOR have we been wanting in Attentions to our British Brethren. We
have warned t
Packet sent at 1519367931.231255
Packet received from server: 00065ack, seq: 1
Packet received at 1519367932.344185
RTT: 1.112930
Packet sent to Server: D000066hem, from Time to Time, of Attempts by their Legislature
to extend an unwarrantable Jurisdiction ove
Packet sent at 1519367932.344224
Packet received from server: 00066ack, seq: 0
Packet received at 1519367932.458242
RTT: 0.114018
Packet sent to Server: D100067r us. We have reminded them
of the Circumstances of our Emigration and Settlement here. We have
appe
Packet sent at 1519367932.458278
Packet received from server: 00067ack, seq: 1
Packet received at 1519367932.570994
RTT: 0.112716
Packet sent to Server: D000068aled to their native Justice and Magnanimity, and we have conjured
them by the Ties of our common Ki
Packet sent at 1519367932.571032
Packet received from server: 00068ack, seq: 0
Packet received at 1519367932.684489
RTT: 0.113457
Packet sent to Server: D100069ndred to disavow these Usurpations,
which would inevitably interrupt our Connexions and
Corresponden
Packet sent at 1519367932.684528
Packet received from server: 00069ack, seq: 1
Packet received at 1519367933.799214
RTT: 1.114686
Packet sent to Server: D000070ce. They too have been deaf to the Voice of Justice and of
Consanguinity. We must, therefore, acquie
Packet sent at 1519367933.799343
Packet received from server: 00070ack, seq: 0
Packet received at 1519367934.914294
RTT: 1.114951
Packet sent to Server: D100071sce in the Necessity, which
denounces our Separation, and hold them, as we hold the Rest of
Mankind,
Packet sent at 1519367934.914351
Packet received from server: 00071ack, seq: 1
Packet received at 1519367935.028213
RTT: 0.113862
Packet sent to Server: D000072 Enemies in War, in Peace Friends.

WE, therefore, the Representatives of the UNITED STATES OF AMERI
Packet sent at 1519367935.028250
Packet received from server: 00072ack, seq: 0
Packet received at 1519367935.141471
RTT: 0.113221
Packet sent to Server: D100073CA, in
GENERAL CONGRESS Assembled, appealing to the Supreme Judge of the
World for the Rectitude of 
Packet sent at 1519367935.141511
Packet received from server: 00073ack, seq: 1
Packet received at 1519367936.255034
RTT: 1.113523
Packet sent to Server: D000074our Intentions, do, in the Name, and by
Authority of the good People of these Colonies, solemnly Pub
Packet sent at 1519367936.255115
Packet received from server: 00074ack, seq: 0
Packet received at 1519367936.368672
RTT: 0.113557
Packet sent to Server: D100075lish and
Declare, That these United Colonies are, and of Right ought to be,
FREE AND INDEPENDENT STA
Packet sent at 1519367936.368711
Packet received from server: 00075ack, seq: 1
Packet received at 1519367936.482125
RTT: 0.113414
Packet sent to Server: D000076TES; that they are absolved from all
Allegiance to the British Crown, and that all political Connexi
Packet sent at 1519367936.482195
Packet received from server: 00076ack, seq: 0
Packet received at 1519367936.596210
RTT: 0.114015
Packet sent to Server: D100077on
between them and the State of Great-Britain, is, and ought to be,
totally dissolved; and that as 
Packet sent at 1519367936.596269
Packet received from server: 00077ack, seq: 1
Packet received at 1519367936.710202
RTT: 0.113933
Packet sent to Server: D000078FREE AND INDEPENDENT STATES, they have
full Power to levy War, conclude Peace, contract Alliances, e
Packet sent at 1519367936.710245
Packet received from server: 00078ack, seq: 0
Packet received at 1519367936.824223
RTT: 0.113978
Packet sent to Server: D100079stablish
Commerce, and to do all other Acts and Things which INDEPENDENT STATES
may of Right do. And
Packet sent at 1519367936.824260
Packet received from server: 00079ack, seq: 1
Packet received at 1519367937.937303
RTT: 1.113043
Packet sent to Server: D000080 for the Support of this Declaration, with a firm
Reliance on the Protection of DIVINE PROVIDENCE, w
Packet sent at 1519367937.937422
Packet received from server: 00080ack, seq: 0
Packet received at 1519367938.051332
RTT: 0.113910
Packet sent to Server: D100081e mutually pledge to
each other our Lives, our Fortunes, and our sacred Honour.

Packet sent at 1519367938.051370
Packet received from server: 00081ack, seq: 1
Packet sent to Server: FF00081I'm Done
Packet received from server: 00081ack, seq: F
FIN ack, finish communication
Last packet received at 1519367938.267381
FirstPackt sent at: 1519367908.828793, LastPacket received at: 1519367938.267381
Throughput~: 274MBps
